kotlin version: 2.1.21
error message: org.jetbrains.kotlin.backend.common.BackendException: Backend Internal error: Exception during IR lowering
File being compiled: C:/Users/rezaa/AndroidStudioProjects/Test/app/src/main/java/com/example/test/navigation/NavGraph.kt
The root cause java.lang.RuntimeException was thrown at: org.jetbrains.kotlin.backend.jvm.codegen.FunctionCodegen.generate(FunctionCodegen.kt:48)
	at org.jetbrains.kotlin.backend.common.CodegenUtil.reportBackendException(CodegenUtil.kt:107)
	at org.jetbrains.kotlin.backend.common.CodegenUtil.reportBackendException$default(CodegenUtil.kt:90)
	at org.jetbrains.kotlin.backend.common.phaser.PerformByIrFilePhase.invokeSequential(performByIrFile.kt:54)
	at org.jetbrains.kotlin.backend.common.phaser.PerformByIrFilePhase.invoke(performByIrFile.kt:41)
	at org.jetbrains.kotlin.backend.common.phaser.PerformByIrFilePhase.invoke(performByIrFile.kt:27)
	at org.jetbrains.kotlin.config.phaser.CompilerPhaseKt.invokeToplevel(CompilerPhase.kt:62)
	at org.jetbrains.kotlin.backend.jvm.JvmIrCodegenFactory.invokeCodegen(JvmIrCodegenFactory.kt:371)
	at org.jetbrains.kotlin.cli.jvm.compiler.KotlinToJVMBytecodeCompiler.runCodegen$cli(KotlinToJVMBytecodeCompiler.kt:413)
	at org.jetbrains.kotlin.cli.pipeline.jvm.JvmBackendPipelinePhase.executePhase(JvmBackendPipelinePhase.kt:98)
	at org.jetbrains.kotlin.cli.pipeline.jvm.JvmBackendPipelinePhase.executePhase(JvmBackendPipelinePhase.kt:30)
	at org.jetbrains.kotlin.cli.pipeline.PipelinePhase.phaseBody(PipelinePhase.kt:68)
	at org.jetbrains.kotlin.cli.pipeline.PipelinePhase.phaseBody(PipelinePhase.kt:58)
	at org.jetbrains.kotlin.config.phaser.SimpleNamedCompilerPhase.phaseBody(CompilerPhase.kt:215)
	at org.jetbrains.kotlin.config.phaser.NamedCompilerPhase.invoke(CompilerPhase.kt:111)
	at org.jetbrains.kotlin.backend.common.phaser.CompositePhase.invoke(PhaseBuilders.kt:28)
	at org.jetbrains.kotlin.config.phaser.CompilerPhaseKt.invokeToplevel(CompilerPhase.kt:62)
	at org.jetbrains.kotlin.cli.pipeline.AbstractCliPipeline.runPhasedPipeline(AbstractCliPipeline.kt:106)
	at org.jetbrains.kotlin.cli.pipeline.AbstractCliPipeline.execute(AbstractCliPipeline.kt:65)
	at org.jetbrains.kotlin.cli.jvm.K2JVMCompiler.doExecutePhased(K2JVMCompiler.kt:61)
	at org.jetbrains.kotlin.cli.jvm.K2JVMCompiler.doExecutePhased(K2JVMCompiler.kt:36)
	at org.jetbrains.kotlin.cli.common.CLICompiler.execImpl(CLICompiler.kt:80)
	at org.jetbrains.kotlin.cli.common.CLICompiler.exec(CLICompiler.kt:337)
	at org.jetbrains.kotlin.incremental.IncrementalJvmCompilerRunner.runCompiler(IncrementalJvmCompilerRunner.kt:466)
	at org.jetbrains.kotlin.incremental.IncrementalJvmCompilerRunner.runCompiler(IncrementalJvmCompilerRunner.kt:75)
	at org.jetbrains.kotlin.incremental.IncrementalCompilerRunner.doCompile(IncrementalCompilerRunner.kt:514)
	at org.jetbrains.kotlin.incremental.IncrementalCompilerRunner.compileImpl(IncrementalCompilerRunner.kt:431)
	at org.jetbrains.kotlin.incremental.IncrementalCompilerRunner.compileNonIncrementally(IncrementalCompilerRunner.kt:310)
	at org.jetbrains.kotlin.incremental.IncrementalCompilerRunner.compile(IncrementalCompilerRunner.kt:137)
	at org.jetbrains.kotlin.daemon.CompileServiceImplBase.execIncrementalCompiler(CompileServiceImpl.kt:678)
	at org.jetbrains.kotlin.daemon.CompileServiceImplBase.access$execIncrementalCompiler(CompileServiceImpl.kt:92)
	at org.jetbrains.kotlin.daemon.CompileServiceImpl.compile(CompileServiceImpl.kt:1805)
	at java.base/jdk.internal.reflect.DirectMethodHandleAccessor.invoke(Unknown Source)
	at java.base/java.lang.reflect.Method.invoke(Unknown Source)
	at java.rmi/sun.rmi.server.UnicastServerRef.dispatch(Unknown Source)
	at java.rmi/sun.rmi.transport.Transport$1.run(Unknown Source)
	at java.rmi/sun.rmi.transport.Transport$1.run(Unknown Source)
	at java.base/java.security.AccessController.doPrivileged(Unknown Source)
	at java.rmi/sun.rmi.transport.Transport.serviceCall(Unknown Source)
	at java.rmi/sun.rmi.transport.tcp.TCPTransport.handleMessages(Unknown Source)
	at java.rmi/sun.rmi.transport.tcp.TCPTransport$ConnectionHandler.run0(Unknown Source)
	at java.rmi/sun.rmi.transport.tcp.TCPTransport$ConnectionHandler.lambda$run$0(Unknown Source)
	at java.base/java.security.AccessController.doPrivileged(Unknown Source)
	at java.rmi/sun.rmi.transport.tcp.TCPTransport$ConnectionHandler.run(Unknown Source)
	at java.base/java.util.concurrent.ThreadPoolExecutor.runWorker(Unknown Source)
	at java.base/java.util.concurrent.ThreadPoolExecutor$Worker.run(Unknown Source)
	at java.base/java.lang.Thread.run(Unknown Source)
Caused by: java.lang.RuntimeException: Exception while generating code for:
FUN LOCAL_FUNCTION_FOR_LAMBDA name:NavGraph$lambda$27$lambda$2 visibility:private modality:FINAL <> ($navController:androidx.navigation.NavHostController, it:androidx.navigation.NavBackStackEntry) returnType:kotlin.Unit?
  VALUE_PARAMETER BOUND_VALUE_PARAMETER name:$navController index:0 type:androidx.navigation.NavHostController
  VALUE_PARAMETER name:it index:1 type:androidx.navigation.NavBackStackEntry
  BLOCK_BODY
    BLOCK type=kotlin.Unit origin=ARGUMENTS_REORDERING_FOR_CALL
      VAR IR_TEMPORARY_VARIABLE name:tmp0_viewModel type:com.example.test.viewmodel.SignInViewModel [val]
        TYPE_OP type=com.example.test.viewmodel.SignInViewModel origin=IMPLICIT_CAST typeOperand=com.example.test.viewmodel.SignInViewModel
          CALL 'public final fun hiltViewModel$default <VM> (viewModelStoreOwner: androidx.lifecycle.ViewModelStoreOwner?, key: kotlin.String?, $mask0: kotlin.Int, $handler: kotlin.Any?): VM of androidx.hilt.navigation.compose.HiltViewModelKt.hiltViewModel$default [inline] declared in androidx.hilt.navigation.compose.HiltViewModelKt' type=VM of androidx.hilt.navigation.compose.HiltViewModelKt.hiltViewModel$default origin=DEFAULT_DISPATCH_CALL
            <VM>: com.example.test.viewmodel.SignInViewModel
            viewModelStoreOwner: COMPOSITE type=androidx.lifecycle.ViewModelStoreOwner? origin=DEFAULT_VALUE
              CONST Null type=androidx.lifecycle.ViewModelStoreOwner? value=null
            key: COMPOSITE type=kotlin.String? origin=DEFAULT_VALUE
              CONST Null type=kotlin.String? value=null
            $mask0: CONST Int type=kotlin.Int value=3
            $handler: CONST Null type=kotlin.Any? value=null
      CALL 'public final fun SignInScreen (viewModel: com.example.test.viewmodel.SignInViewModel, onSignInSuccess: kotlin.Function0<kotlin.Unit>, onNavigateToSignUp: kotlin.Function0<kotlin.Unit>): kotlin.Unit declared in com.example.test.view.auth.SignInScreenKt' type=kotlin.Unit origin=null
        viewModel: GET_VAR 'val tmp0_viewModel: com.example.test.viewmodel.SignInViewModel [val] declared in com.example.test.navigation.NavGraphKt.NavGraph$lambda$27$lambda$2' type=com.example.test.viewmodel.SignInViewModel origin=null
        onSignInSuccess: BLOCK type=kotlin.Function0<kotlin.Unit> origin=LAMBDA
          COMPOSITE type=kotlin.Unit origin=null
          CALL 'public final fun <jvm-indy> <T> (dynamicCall: T of kotlin.jvm.internal.<jvm-indy>, bootstrapMethodHandle: kotlin.Any, vararg bootstrapMethodArguments: kotlin.Any): T of kotlin.jvm.internal.<jvm-indy> declared in kotlin.jvm.internal' type=kotlin.Function0<kotlin.Unit> origin=null
            <T>: kotlin.Function0<kotlin.Unit>
            dynamicCall: CALL 'public final fun invoke (p0: androidx.navigation.NavHostController): kotlin.Function0<kotlin.Unit> declared in kotlin.jvm.internal.invokeDynamic' type=kotlin.Function0<kotlin.Unit> origin=null
              p0: GET_VAR '$navController: androidx.navigation.NavHostController declared in com.example.test.navigation.NavGraphKt.NavGraph$lambda$27$lambda$2' type=androidx.navigation.NavHostController origin=null
            bootstrapMethodHandle: CALL 'public final fun <jvm-method-handle> (tag: kotlin.Int, owner: kotlin.String, name: kotlin.String, descriptor: kotlin.String, isInterface: kotlin.Boolean): kotlin.Any declared in kotlin.jvm.internal' type=kotlin.Any origin=null
              tag: CONST Int type=kotlin.Int value=6
              owner: CONST String type=kotlin.String value="java/lang/invoke/LambdaMetafactory"
              name: CONST String type=kotlin.String value="metafactory"
              descriptor: CONST String type=kotlin.String value="(Ljava/lang/invoke/MethodHandles$Lookup;Ljava/lang/String;Ljava/lang/invoke/MethodType;Ljava/lang/invoke/MethodType;Ljava/lang/invoke/MethodHandle;Ljava/lang/invoke/MethodType;)Ljava/lang/invoke/CallSite;"
              isInterface: CONST Boolean type=kotlin.Boolean value=false
            bootstrapMethodArguments: VARARG type=kotlin.Array<kotlin.Any> varargElementType=kotlin.Any
              CALL 'public final fun <jvm-original-method-type> (method: kotlin.Any): kotlin.Any declared in kotlin.jvm.internal' type=kotlin.Any origin=null
                method: RAW_FUNCTION_REFERENCE 'public abstract fun invoke (): R of kotlin.Function0 [operator] declared in kotlin.Function0' type=kotlin.Any
              RAW_FUNCTION_REFERENCE 'private final fun NavGraph$lambda$27$lambda$2$lambda$0 ($navController: androidx.navigation.NavHostController): kotlin.Unit? declared in com.example.test.navigation.NavGraphKt' type=kotlin.Any
              CALL 'public final fun <jvm-original-method-type> (method: kotlin.Any): kotlin.Any declared in kotlin.jvm.internal' type=kotlin.Any origin=null
                method: RAW_FUNCTION_REFERENCE 'public abstract fun invoke (): kotlin.Unit? [fake_override,operator] declared in kotlin.jvm.internal.invokeDynamic.<fake>' type=kotlin.Any
        onNavigateToSignUp: BLOCK type=kotlin.Function0<kotlin.Unit> origin=LAMBDA
          COMPOSITE type=kotlin.Unit origin=null
          CALL 'public final fun <jvm-indy> <T> (dynamicCall: T of kotlin.jvm.internal.<jvm-indy>, bootstrapMethodHandle: kotlin.Any, vararg bootstrapMethodArguments: kotlin.Any): T of kotlin.jvm.internal.<jvm-indy> declared in kotlin.jvm.internal' type=kotlin.Function0<kotlin.Unit> origin=null
            <T>: kotlin.Function0<kotlin.Unit>
            dynamicCall: CALL 'public final fun invoke (p0: androidx.navigation.NavHostController): kotlin.Function0<kotlin.Unit> declared in kotlin.jvm.internal.invokeDynamic' type=kotlin.Function0<kotlin.Unit> origin=null
              p0: GET_VAR '$navController: androidx.navigation.NavHostController declared in com.example.test.navigation.NavGraphKt.NavGraph$lambda$27$lambda$2' type=androidx.navigation.NavHostController origin=null
            bootstrapMethodHandle: CALL 'public final fun <jvm-method-handle> (tag: kotlin.Int, owner: kotlin.String, name: kotlin.String, descriptor: kotlin.String, isInterface: kotlin.Boolean): kotlin.Any declared in kotlin.jvm.internal' type=kotlin.Any origin=null
              tag: CONST Int type=kotlin.Int value=6
              owner: CONST String type=kotlin.String value="java/lang/invoke/LambdaMetafactory"
              name: CONST String type=kotlin.String value="metafactory"
              descriptor: CONST String type=kotlin.String value="(Ljava/lang/invoke/MethodHandles$Lookup;Ljava/lang/String;Ljava/lang/invoke/MethodType;Ljava/lang/invoke/MethodType;Ljava/lang/invoke/MethodHandle;Ljava/lang/invoke/MethodType;)Ljava/lang/invoke/CallSite;"
              isInterface: CONST Boolean type=kotlin.Boolean value=false
            bootstrapMethodArguments: VARARG type=kotlin.Array<kotlin.Any> varargElementType=kotlin.Any
              CALL 'public final fun <jvm-original-method-type> (method: kotlin.Any): kotlin.Any declared in kotlin.jvm.internal' type=kotlin.Any origin=null
                method: RAW_FUNCTION_REFERENCE 'public abstract fun invoke (): R of kotlin.Function0 [operator] declared in kotlin.Function0' type=kotlin.Any
              RAW_FUNCTION_REFERENCE 'private final fun NavGraph$lambda$27$lambda$2$lambda$1 ($navController: androidx.navigation.NavHostController): kotlin.Unit? declared in com.example.test.navigation.NavGraphKt' type=kotlin.Any
              CALL 'public final fun <jvm-original-method-type> (method: kotlin.Any): kotlin.Any declared in kotlin.jvm.internal' type=kotlin.Any origin=null
                method: RAW_FUNCTION_REFERENCE 'public abstract fun invoke (): kotlin.Unit? [fake_override,operator] declared in kotlin.jvm.internal.invokeDynamic.<fake>' type=kotlin.Any

	at org.jetbrains.kotlin.backend.jvm.codegen.FunctionCodegen.generate(FunctionCodegen.kt:48)
	at org.jetbrains.kotlin.backend.jvm.codegen.FunctionCodegen.generate$default(FunctionCodegen.kt:41)
	at org.jetbrains.kotlin.backend.jvm.codegen.ClassCodegen.generateMethodNode(ClassCodegen.kt:405)
	at org.jetbrains.kotlin.backend.jvm.codegen.ClassCodegen.generateMethod(ClassCodegen.kt:422)
	at org.jetbrains.kotlin.backend.jvm.codegen.ClassCodegen.generate(ClassCodegen.kt:167)
	at org.jetbrains.kotlin.backend.jvm.JvmIrCodegenFactory.generateFile$lambda$18(JvmIrCodegenFactory.kt:398)
	at org.jetbrains.kotlin.backend.common.phaser.PhaseBuildersKt$createSimpleNamedCompilerPhase$1.phaseBody(PhaseBuilders.kt:68)
	at org.jetbrains.kotlin.config.phaser.SimpleNamedCompilerPhase.phaseBody(CompilerPhase.kt:215)
	at org.jetbrains.kotlin.config.phaser.NamedCompilerPhase.invoke(CompilerPhase.kt:111)
	at org.jetbrains.kotlin.backend.common.phaser.PerformByIrFilePhase.invokeSequential(performByIrFile.kt:51)
	... 43 more
Caused by: org.jetbrains.kotlin.codegen.CompilationException: Back-end (JVM) Internal error: Couldn't inline method call: CALL 'public final fun hiltViewModel$default <VM> (viewModelStoreOwner: androidx.lifecycle.ViewModelStoreOwner?, key: kotlin.String?, $mask0: kotlin.Int, $handler: kotlin.Any?): VM of androidx.hilt.navigation.compose.HiltViewModelKt.hiltViewModel$default [inline] declared in androidx.hilt.navigation.compose.HiltViewModelKt' type=VM of androidx.hilt.navigation.compose.HiltViewModelKt.hiltViewModel$default origin=DEFAULT_DISPATCH_CALL
Method: null
File is unknown
The root cause java.lang.IllegalStateException was thrown at: org.jetbrains.kotlin.codegen.inline.SourceCompilerForInlineKt.getMethodNode(SourceCompilerForInline.kt:128)
	at org.jetbrains.kotlin.codegen.inline.InlineCodegen.performInline(InlineCodegen.kt:65)
	at org.jetbrains.kotlin.backend.jvm.codegen.IrInlineCodegen.genInlineCall(IrInlineCodegen.kt:163)
	at org.jetbrains.kotlin.backend.jvm.codegen.IrInlineCallGenerator.genCall(IrInlineCallGenerator.kt:36)
	at org.jetbrains.kotlin.backend.jvm.codegen.ExpressionCodegen.visitCall(ExpressionCodegen.kt:594)
	at org.jetbrains.kotlin.backend.jvm.codegen.ExpressionCodegen.visitCall(ExpressionCodegen.kt:135)
	at org.jetbrains.kotlin.ir.expressions.IrCall.accept(IrCall.kt:24)
	at org.jetbrains.kotlin.backend.jvm.codegen.ExpressionCodegen.visitTypeOperator(ExpressionCodegen.kt:1079)
	at org.jetbrains.kotlin.backend.jvm.codegen.ExpressionCodegen.visitTypeOperator(ExpressionCodegen.kt:135)
	at org.jetbrains.kotlin.ir.expressions.IrTypeOperatorCall.accept(IrTypeOperatorCall.kt:26)
	at org.jetbrains.kotlin.backend.jvm.codegen.ExpressionCodegen.visitVariable(ExpressionCodegen.kt:734)
	at org.jetbrains.kotlin.backend.jvm.codegen.ExpressionCodegen.visitVariable(ExpressionCodegen.kt:135)
	at org.jetbrains.kotlin.ir.declarations.IrVariable.accept(IrVariable.kt:36)
	at org.jetbrains.kotlin.backend.jvm.codegen.ExpressionCodegen.visitStatementContainer(ExpressionCodegen.kt:520)
	at org.jetbrains.kotlin.backend.jvm.codegen.ExpressionCodegen.visitContainerExpression(ExpressionCodegen.kt:534)
	at org.jetbrains.kotlin.backend.jvm.codegen.ExpressionCodegen.visitContainerExpression(ExpressionCodegen.kt:135)
	at org.jetbrains.kotlin.ir.visitors.IrElementVisitor$DefaultImpls.visitBlock(IrElementVisitor.kt:136)
	at org.jetbrains.kotlin.backend.jvm.codegen.ExpressionCodegen.visitBlock(ExpressionCodegen.kt:406)
	at org.jetbrains.kotlin.backend.jvm.codegen.ExpressionCodegen.visitBlock(ExpressionCodegen.kt:135)
	at org.jetbrains.kotlin.ir.expressions.IrBlock.accept(IrBlock.kt:18)
	at org.jetbrains.kotlin.backend.jvm.codegen.ExpressionCodegen.visitStatementContainer(ExpressionCodegen.kt:520)
	at org.jetbrains.kotlin.backend.jvm.codegen.ExpressionCodegen.visitBlockBody(ExpressionCodegen.kt:525)
	at org.jetbrains.kotlin.backend.jvm.codegen.ExpressionCodegen.visitBlockBody(ExpressionCodegen.kt:135)
	at org.jetbrains.kotlin.ir.expressions.IrBlockBody.accept(IrBlockBody.kt:20)
	at org.jetbrains.kotlin.backend.jvm.codegen.ExpressionCodegen.generate(ExpressionCodegen.kt:237)
	at org.jetbrains.kotlin.backend.jvm.codegen.FunctionCodegen.doGenerate(FunctionCodegen.kt:124)
	at org.jetbrains.kotlin.backend.jvm.codegen.FunctionCodegen.generate(FunctionCodegen.kt:45)
	... 52 more
Caused by: java.lang.IllegalStateException: couldn't find inline method Landroidx/hilt/navigation/compose/HiltViewModelKt;.hiltViewModel$default(Landroidx/lifecycle/ViewModelStoreOwner;Ljava/lang/String;ILjava/lang/Object;)Landroidx/lifecycle/ViewModel;
	at org.jetbrains.kotlin.codegen.inline.SourceCompilerForInlineKt.getMethodNode(SourceCompilerForInline.kt:128)
	at org.jetbrains.kotlin.codegen.inline.SourceCompilerForInlineKt.loadCompiledInlineFunction(SourceCompilerForInline.kt:97)
	at org.jetbrains.kotlin.backend.jvm.codegen.IrSourceCompilerForInline.compileInlineFunction(IrSourceCompilerForInline.kt:92)
	at org.jetbrains.kotlin.codegen.inline.InlineCodegen.compileInline(InlineCodegen.kt:42)
	at org.jetbrains.kotlin.codegen.inline.InlineCodegen.performInline(InlineCodegen.kt:50)
	... 77 more


